<?xml version="1.0" encoding="UTF-8" ?>
<testsuite errors="1" skipped="0" tests="1" time="0.583" failures="0" name="org.codehaus.modello.plugin.store.StoreModelloGeneratorTest">
  <properties>
    <property value="Java(TM) 2 Runtime Environment, Standard Edition" name="java.runtime.name"/>
    <property value="/System/Library/Frameworks/JavaVM.framework/Versions/1.4.2/Libraries" name="sun.boot.library.path"/>
    <property value="1.4.2-66" name="java.vm.version"/>
    <property value="true" name="awt.nativeDoubleBuffering"/>
    <property value="false" name="gopherProxySet"/>
    <property value="&quot;Apple Computer, Inc.&quot;" name="java.vm.vendor"/>
    <property value="http://apple.com/" name="java.vendor.url"/>
    <property value=":" name="path.separator"/>
    <property value="Java HotSpot(TM) Client VM" name="java.vm.name"/>
    <property value="sun.io" name="file.encoding.pkg"/>
    <property value="US" name="user.country"/>
    <property value="unknown" name="sun.os.patch.level"/>
    <property value="Java Virtual Machine Specification" name="java.vm.specification.name"/>
    <property value="/Users/jvanzyl/js/org/codehaus/modello/modello-plugins/modello-plugin-store" name="user.dir"/>
    <property value="1.4.2_09-239" name="java.runtime.version"/>
    <property value="apple.awt.CGraphicsEnvironment" name="java.awt.graphicsenv"/>
    <property value="/Users/jvanzyl/js/org/codehaus/modello/modello-plugins/modello-plugin-store" name="basedir"/>
    <property value="/System/Library/Frameworks/JavaVM.framework/Versions/1.4.2/Home/lib/endorsed" name="java.endorsed.dirs"/>
    <property value="i386" name="os.arch"/>
    <property value="/tmp" name="java.io.tmpdir"/>
    <property value="
" name="line.separator"/>
    <property value="Sun Microsystems Inc." name="java.vm.specification.vendor"/>
    <property value="Mac OS X" name="os.name"/>
    <property value="" name="sun.java2d.fontpath"/>
    <property value=".:/Library/Java/Extensions:/System/Library/Java/Extensions:/usr/lib/java" name="java.library.path"/>
    <property value="Java Platform API Specification" name="java.specification.name"/>
    <property value="48.0" name="java.class.version"/>
    <property value="java.util.prefs.MacOSXPreferencesFactory" name="java.util.prefs.PreferencesFactory"/>
    <property value="10.4.8" name="os.version"/>
    <property value="/Users/jvanzyl" name="user.home"/>
    <property value="America/Montreal" name="user.timezone"/>
    <property value="apple.awt.CPrinterJob" name="java.awt.printerjob"/>
    <property value="MacRoman" name="file.encoding"/>
    <property value="1.4" name="java.specification.version"/>
    <property value="jvanzyl" name="user.name"/>
    <property value="/Users/jvanzyl/maven-repo-local/org/apache/maven/surefire/surefire-api/2.0/surefire-api-2.0.jar:/Users/jvanzyl/maven-repo-local/org/codehaus/plexus/plexus-utils/1.1/plexus-utils-1.1.jar:/Users/jvanzyl/maven-repo-local/org/apache/maven/surefire/surefire-booter/2.0/surefire-booter-2.0.jar" name="java.class.path"/>
    <property value="1.0" name="java.vm.specification.version"/>
    <property value="32" name="sun.arch.data.model"/>
    <property value="/System/Library/Frameworks/JavaVM.framework/Versions/1.4.2/Home" name="java.home"/>
    <property value="Sun Microsystems Inc." name="java.specification.vendor"/>
    <property value="en" name="user.language"/>
    <property value="apple.awt.CToolkit" name="awt.toolkit"/>
    <property value="mixed mode" name="java.vm.info"/>
    <property value="1.4.2_09" name="java.version"/>
    <property value="/Library/Java/Extensions:/System/Library/Java/Extensions:/System/Library/Frameworks/JavaVM.framework/Versions/1.4.2/Home/lib/ext" name="java.ext.dirs"/>
    <property value="/System/Library/Frameworks/JavaVM.framework/Versions/1.4.2/Classes/classes.jar:/System/Library/Frameworks/JavaVM.framework/Versions/1.4.2/Classes/ui.jar:/System/Library/Frameworks/JavaVM.framework/Versions/1.4.2/Classes/laf.jar:/System/Library/Frameworks/JavaVM.framework/Versions/1.4.2/Classes/sunrsasign.jar:/System/Library/Frameworks/JavaVM.framework/Versions/1.4.2/Classes/jsse.jar:/System/Library/Frameworks/JavaVM.framework/Versions/1.4.2/Classes/jce.jar:/System/Library/Frameworks/JavaVM.framework/Versions/1.4.2/Classes/charsets.jar" name="sun.boot.class.path"/>
    <property value="Apple Computer, Inc." name="java.vendor"/>
    <property value="/Users/jvanzyl/maven-repo-local" name="localRepository"/>
    <property value="/" name="file.separator"/>
    <property value="http://developer.apple.com/java/" name="java.vendor.url.bug"/>
    <property value="little" name="sun.cpu.endian"/>
    <property value="UnicodeLittle" name="sun.io.unicode.encoding"/>
    <property value="239" name="mrj.version"/>
    <property value="" name="sun.cpu.isalist"/>
  </properties>
  <testcase time="0.561" name="store">
    <error type="org.codehaus.modello.ModelloException" message="Error while generating code.">org.codehaus.modello.ModelloException: Error while generating code.
	at org.codehaus.modello.plugin.store.StoreModelloGenerator.writeTemplate(StoreModelloGenerator.java:117)
	at org.codehaus.modello.plugin.store.StoreModelloGenerator.generate(StoreModelloGenerator.java:93)
	at org.codehaus.modello.core.DefaultModelloCore.generate(DefaultModelloCore.java:277)
	at org.codehaus.modello.plugin.store.StoreModelloGeneratorTest.testSimpleInvocation(StoreModelloGeneratorTest.java:60)
	at sun.reflect.NativeMethodAccessorImpl.invoke0(Native Method)
	at sun.reflect.NativeMethodAccessorImpl.invoke(NativeMethodAccessorImpl.java:39)
	at sun.reflect.DelegatingMethodAccessorImpl.invoke(DelegatingMethodAccessorImpl.java:25)
	at java.lang.reflect.Method.invoke(Method.java:324)
	at junit.framework.TestCase.runTest(TestCase.java:154)
	at junit.framework.TestCase.runBare(TestCase.java:127)
	at junit.framework.TestResult$1.protect(TestResult.java:106)
	at junit.framework.TestResult.runProtected(TestResult.java:124)
	at junit.framework.TestResult.run(TestResult.java:109)
	at junit.framework.TestCase.run(TestCase.java:118)
	at junit.framework.TestSuite.runTest(TestSuite.java:208)
	at junit.framework.TestSuite.run(TestSuite.java:203)
	at sun.reflect.NativeMethodAccessorImpl.invoke0(Native Method)
	at sun.reflect.NativeMethodAccessorImpl.invoke(NativeMethodAccessorImpl.java:39)
	at sun.reflect.DelegatingMethodAccessorImpl.invoke(DelegatingMethodAccessorImpl.java:25)
	at java.lang.reflect.Method.invoke(Method.java:324)
	at org.apache.maven.surefire.junit.JUnitTestSet.execute(JUnitTestSet.java:210)
	at org.apache.maven.surefire.suite.AbstractDirectoryTestSuite.executeTestSet(AbstractDirectoryTestSuite.java:135)
	at org.apache.maven.surefire.suite.AbstractDirectoryTestSuite.execute(AbstractDirectoryTestSuite.java:122)
	at org.apache.maven.surefire.Surefire.run(Surefire.java:129)
	at sun.reflect.NativeMethodAccessorImpl.invoke0(Native Method)
	at sun.reflect.NativeMethodAccessorImpl.invoke(NativeMethodAccessorImpl.java:39)
	at sun.reflect.DelegatingMethodAccessorImpl.invoke(DelegatingMethodAccessorImpl.java:25)
	at java.lang.reflect.Method.invoke(Method.java:324)
	at org.apache.maven.surefire.booter.SurefireBooter.runSuitesInProcess(SurefireBooter.java:225)
	at org.apache.maven.surefire.booter.SurefireBooter.main(SurefireBooter.java:747)
Caused by: org.apache.velocity.exception.ResourceNotFoundException: Unable to find resource &apos;/org/codehaus/modello/plugin/store/templates/Store.vm&apos;
	at org.apache.velocity.runtime.resource.ResourceManagerImpl.loadResource(ResourceManagerImpl.java:458)
	at org.apache.velocity.runtime.resource.ResourceManagerImpl.getResource(ResourceManagerImpl.java:341)
	at org.apache.velocity.runtime.RuntimeInstance.getTemplate(RuntimeInstance.java:831)
	at org.apache.velocity.app.VelocityEngine.mergeTemplate(VelocityEngine.java:440)
	at org.apache.velocity.app.VelocityEngine.mergeTemplate(VelocityEngine.java:419)
	at org.codehaus.modello.plugin.store.StoreModelloGenerator.writeTemplate(StoreModelloGenerator.java:109)
	... 29 more
</error>
    <system-out>[INFO] Setting property: classpath.resource.loader.class =&amp; &apos;org.codehaus.plexus.velocity.ContextClassLoaderResourceLoader&apos;.
[INFO] Setting property: velocimacro.messages.on =&amp; &apos;false&apos;.
[INFO] Setting property: resource.loader =&amp; &apos;classpath&apos;.
[INFO] Setting property: resource.manager.logwhenfound =&amp; &apos;false&apos;.
[INFO] ************************************************************** 
[INFO] Starting Jakarta Velocity v1.4
[INFO] RuntimeInstance initializing.
[INFO] Default Properties File: org/apache/velocity/runtime/defaults/velocity.properties
[INFO] Default ResourceManager initializing. (class org.apache.velocity.runtime.resource.ResourceManagerImpl)
[INFO] Resource Loader Instantiated: org.codehaus.plexus.velocity.ContextClassLoaderResourceLoader
[INFO] ClasspathResourceLoader : initialization starting.
[INFO] ClasspathResourceLoader : initialization complete.
[INFO] ResourceCache : initialized. (class org.apache.velocity.runtime.resource.ResourceCacheImpl)
[INFO] Default ResourceManager initialization complete.
[INFO] Loaded System Directive: org.apache.velocity.runtime.directive.Literal
[INFO] Loaded System Directive: org.apache.velocity.runtime.directive.Macro
[INFO] Loaded System Directive: org.apache.velocity.runtime.directive.Parse
[INFO] Loaded System Directive: org.apache.velocity.runtime.directive.Include
[INFO] Loaded System Directive: org.apache.velocity.runtime.directive.Foreach
[INFO] Created: 20 parsers.
[INFO] Velocimacro : initialization starting.
[INFO] Velocimacro : adding VMs from VM library template : VM_global_library.vm
[ERROR] ResourceManager : unable to find resource &apos;VM_global_library.vm&apos; in any resource loader.
[INFO] Velocimacro : error using  VM library template VM_global_library.vm : org.apache.velocity.exception.ResourceNotFoundException: Unable to find resource &apos;VM_global_library.vm&apos;
[INFO] Velocimacro :  VM library template macro registration complete.
[INFO] Velocimacro : allowInline = true : VMs can be defined inline in templates
[INFO] Velocimacro : allowInlineToOverride = false : VMs defined inline may NOT replace previous VM definitions
[INFO] Velocimacro : allowInlineLocal = false : VMs defined inline will be  global in scope if allowed.
[INFO] Velocimacro : initialization complete.
[INFO] Velocity successfully started.
[ERROR] ResourceManager : unable to find resource &apos;/org/codehaus/modello/plugin/store/templates/Store.vm&apos; in any resource loader.
</system-out>
  </testcase>
</testsuite>