<?xml version="1.0" encoding="UTF-8" ?>
<testsuite errors="0" skipped="0" tests="1" time="0.5" failures="0" name="org.codehaus.modello.plugin.xdoc.XdocGeneratorTest">
  <properties>
    <property value="Java(TM) 2 Runtime Environment, Standard Edition" name="java.runtime.name"/>
    <property value="/System/Library/Frameworks/JavaVM.framework/Versions/1.4.2/Libraries" name="sun.boot.library.path"/>
    <property value="1.4.2-66" name="java.vm.version"/>
    <property value="true" name="awt.nativeDoubleBuffering"/>
    <property value="false" name="gopherProxySet"/>
    <property value="&quot;Apple Computer, Inc.&quot;" name="java.vm.vendor"/>
    <property value="http://apple.com/" name="java.vendor.url"/>
    <property value=":" name="path.separator"/>
    <property value="Java HotSpot(TM) Client VM" name="java.vm.name"/>
    <property value="sun.io" name="file.encoding.pkg"/>
    <property value="US" name="user.country"/>
    <property value="unknown" name="sun.os.patch.level"/>
    <property value="Java Virtual Machine Specification" name="java.vm.specification.name"/>
    <property value="/Users/jvanzyl/js/org/codehaus/modello/modello-plugins/modello-plugin-xdoc" name="user.dir"/>
    <property value="1.4.2_09-239" name="java.runtime.version"/>
    <property value="apple.awt.CGraphicsEnvironment" name="java.awt.graphicsenv"/>
    <property value="/Users/jvanzyl/js/org/codehaus/modello/modello-plugins/modello-plugin-xdoc" name="basedir"/>
    <property value="/System/Library/Frameworks/JavaVM.framework/Versions/1.4.2/Home/lib/endorsed" name="java.endorsed.dirs"/>
    <property value="i386" name="os.arch"/>
    <property value="/tmp" name="java.io.tmpdir"/>
    <property value="
" name="line.separator"/>
    <property value="Sun Microsystems Inc." name="java.vm.specification.vendor"/>
    <property value="Mac OS X" name="os.name"/>
    <property value="" name="sun.java2d.fontpath"/>
    <property value=".:/Library/Java/Extensions:/System/Library/Java/Extensions:/usr/lib/java" name="java.library.path"/>
    <property value="Java Platform API Specification" name="java.specification.name"/>
    <property value="48.0" name="java.class.version"/>
    <property value="java.util.prefs.MacOSXPreferencesFactory" name="java.util.prefs.PreferencesFactory"/>
    <property value="10.4.8" name="os.version"/>
    <property value="/Users/jvanzyl" name="user.home"/>
    <property value="America/Montreal" name="user.timezone"/>
    <property value="apple.awt.CPrinterJob" name="java.awt.printerjob"/>
    <property value="MacRoman" name="file.encoding"/>
    <property value="1.4" name="java.specification.version"/>
    <property value="jvanzyl" name="user.name"/>
    <property value="/Users/jvanzyl/maven-repo-local/org/apache/maven/surefire/surefire-api/2.0/surefire-api-2.0.jar:/Users/jvanzyl/maven-repo-local/org/codehaus/plexus/plexus-utils/1.1/plexus-utils-1.1.jar:/Users/jvanzyl/maven-repo-local/org/apache/maven/surefire/surefire-booter/2.0/surefire-booter-2.0.jar" name="java.class.path"/>
    <property value="1.0" name="java.vm.specification.version"/>
    <property value="32" name="sun.arch.data.model"/>
    <property value="/System/Library/Frameworks/JavaVM.framework/Versions/1.4.2/Home" name="java.home"/>
    <property value="Sun Microsystems Inc." name="java.specification.vendor"/>
    <property value="en" name="user.language"/>
    <property value="apple.awt.CToolkit" name="awt.toolkit"/>
    <property value="mixed mode" name="java.vm.info"/>
    <property value="1.4.2_09" name="java.version"/>
    <property value="/Library/Java/Extensions:/System/Library/Java/Extensions:/System/Library/Frameworks/JavaVM.framework/Versions/1.4.2/Home/lib/ext" name="java.ext.dirs"/>
    <property value="/System/Library/Frameworks/JavaVM.framework/Versions/1.4.2/Classes/classes.jar:/System/Library/Frameworks/JavaVM.framework/Versions/1.4.2/Classes/ui.jar:/System/Library/Frameworks/JavaVM.framework/Versions/1.4.2/Classes/laf.jar:/System/Library/Frameworks/JavaVM.framework/Versions/1.4.2/Classes/sunrsasign.jar:/System/Library/Frameworks/JavaVM.framework/Versions/1.4.2/Classes/jsse.jar:/System/Library/Frameworks/JavaVM.framework/Versions/1.4.2/Classes/jce.jar:/System/Library/Frameworks/JavaVM.framework/Versions/1.4.2/Classes/charsets.jar" name="sun.boot.class.path"/>
    <property value="Apple Computer, Inc." name="java.vendor"/>
    <property value="/Users/jvanzyl/maven-repo-local" name="localRepository"/>
    <property value="/" name="file.separator"/>
    <property value="http://developer.apple.com/java/" name="java.vendor.url.bug"/>
    <property value="little" name="sun.cpu.endian"/>
    <property value="UnicodeLittle" name="sun.io.unicode.encoding"/>
    <property value="239" name="mrj.version"/>
    <property value="" name="sun.cpu.isalist"/>
  </properties>
  <testcase time="0.487" name="xdoc"/>
</testsuite>